mktexpk --mfmode / --bdpi 600 --mag 0+540/600 --dpi 540 pcrb8t
mktexpk --mfmode / --bdpi 600 --mag 1+120/600 --dpi 720 pcrb8t
mktexpk --mfmode / --bdpi 600 --mag 0+420/600 --dpi 420 ptmr8t
mktexpk --mfmode / --bdpi 600 --mag 0+540/600 --dpi 540 pcrbo8t
mktexpk --mfmode / --bdpi 600 --mag 0+540/600 --dpi 540 ptmro8t
mktexpk --mfmode / --bdpi 600 --mag 0+540/600 --dpi 540 ptmbo8t
mktexpk --mfmode / --bdpi 600 --mag 1+264/600 --dpi 864 pcrb8t
mktexpk --mfmode / --bdpi 600 --mag 1+0/600 --dpi 600 ptmri8t
mktexpk --mfmode / --bdpi 600 --mag 0+540/600 --dpi 540 pcrr8t
mktexpk --mfmode / --bdpi 600 --mag 1+120/600 --dpi 720 ptmb8t
mktexpk --mfmode / --bdpi 600 --mag 1+264/600 --dpi 864 ptmb8t
mktexpk --mfmode / --bdpi 600 --mag 2+44/600 --dpi 1244 ptmb8t
mktexpk --mfmode / --bdpi 600 --mag 1+0/600 --dpi 600 pcrb8t
mktexpk --mfmode / --bdpi 600 --mag 1+0/600 --dpi 600 pcrr8t
mktexpk --mfmode / --bdpi 600 --mag 1+0/600 --dpi 600 ptmb8t
mktexpk --mfmode / --bdpi 600 --mag 2+293/600 --dpi 1493 ptmb8t
mktexpk --mfmode / --bdpi 600 --mag 1+437/600 --dpi 1037 pcrb8t
mktexpk --mfmode / --bdpi 600 --mag 1+437/600 --dpi 1037 ptmb8t
mktexpk --mfmode / --bdpi 600 --mag 1+437/600 --dpi 1037 ptmr8t
mktexpk --mfmode / --bdpi 600 --mag 1+0/600 --dpi 600 ptmr8t
mktexpk --mfmode / --bdpi 600 --mag 0+540/600 --dpi 540 pcrb8t
mktexpk --mfmode / --bdpi 600 --mag 1+120/600 --dpi 720 pcrb8t
mktexpk --mfmode / --bdpi 600 --mag 0+420/600 --dpi 420 ptmr8t
mktexpk --mfmode / --bdpi 600 --mag 0+540/600 --dpi 540 pcrbo8t
mktexpk --mfmode / --bdpi 600 --mag 0+540/600 --dpi 540 ptmro8t
mktexpk --mfmode / --bdpi 600 --mag 0+540/600 --dpi 540 ptmbo8t
mktexpk --mfmode / --bdpi 600 --mag 1+264/600 --dpi 864 pcrb8t
mktexpk --mfmode / --bdpi 600 --mag 1+0/600 --dpi 600 ptmri8t
mktexpk --mfmode / --bdpi 600 --mag 0+540/600 --dpi 540 pcrr8t
mktexpk --mfmode / --bdpi 600 --mag 1+120/600 --dpi 720 ptmb8t
mktexpk --mfmode / --bdpi 600 --mag 1+264/600 --dpi 864 ptmb8t
mktexpk --mfmode / --bdpi 600 --mag 2+44/600 --dpi 1244 ptmb8t
mktexpk --mfmode / --bdpi 600 --mag 1+0/600 --dpi 600 pcrb8t
mktexpk --mfmode / --bdpi 600 --mag 1+0/600 --dpi 600 pcrr8t
mktexpk --mfmode / --bdpi 600 --mag 1+0/600 --dpi 600 ptmb8t
mktexpk --mfmode / --bdpi 600 --mag 2+293/600 --dpi 1493 ptmb8t
mktexpk --mfmode / --bdpi 600 --mag 1+437/600 --dpi 1037 pcrb8t
mktexpk --mfmode / --bdpi 600 --mag 1+437/600 --dpi 1037 ptmb8t
mktexpk --mfmode / --bdpi 600 --mag 1+437/600 --dpi 1037 ptmr8t
mktexpk --mfmode / --bdpi 600 --mag 1+0/600 --dpi 600 ptmr8t
mktexpk --mfmode / --bdpi 600 --mag 0+540/600 --dpi 540 pcrb8t
mktexpk --mfmode / --bdpi 600 --mag 1+120/600 --dpi 720 pcrb8t
mktexpk --mfmode / --bdpi 600 --mag 0+420/600 --dpi 420 ptmr8t
mktexpk --mfmode / --bdpi 600 --mag 0+540/600 --dpi 540 pcrbo8t
mktexpk --mfmode / --bdpi 600 --mag 0+540/600 --dpi 540 ptmro8t
mktexpk --mfmode / --bdpi 600 --mag 0+540/600 --dpi 540 ptmbo8t
mktexpk --mfmode / --bdpi 600 --mag 1+264/600 --dpi 864 pcrb8t
mktexpk --mfmode / --bdpi 600 --mag 1+0/600 --dpi 600 ptmri8t
mktexpk --mfmode / --bdpi 600 --mag 0+540/600 --dpi 540 pcrr8t
mktexpk --mfmode / --bdpi 600 --mag 1+120/600 --dpi 720 ptmb8t
mktexpk --mfmode / --bdpi 600 --mag 1+264/600 --dpi 864 ptmb8t
mktexpk --mfmode / --bdpi 600 --mag 2+44/600 --dpi 1244 ptmb8t
mktexpk --mfmode / --bdpi 600 --mag 1+0/600 --dpi 600 pcrb8t
mktexpk --mfmode / --bdpi 600 --mag 1+0/600 --dpi 600 pcrr8t
mktexpk --mfmode / --bdpi 600 --mag 1+0/600 --dpi 600 ptmb8t
mktexpk --mfmode / --bdpi 600 --mag 2+293/600 --dpi 1493 ptmb8t
mktexpk --mfmode / --bdpi 600 --mag 1+437/600 --dpi 1037 pcrb8t
mktexpk --mfmode / --bdpi 600 --mag 1+437/600 --dpi 1037 ptmb8t
mktexpk --mfmode / --bdpi 600 --mag 1+437/600 --dpi 1037 ptmr8t
mktexpk --mfmode / --bdpi 600 --mag 1+0/600 --dpi 600 ptmr8t
